<?xml version="1.0" encoding="UTF-8"?>
<testsuite xmlns:xsi="http://www.w3.org/2001/XMLSchema-instance" xsi:noNamespaceSchemaLocation="https://maven.apache.org/surefire/maven-surefire-plugin/xsd/surefire-test-report-3.0.xsd" version="3.0" name="io.quarkus.workshop.superheroes.ui.WebUITests" time="34.068" tests="1" errors="0" skipped="0" failures="0">
  <properties>
[...]
</properties>
  <testcase name="webApplicationEndpoint" classname="io.quarkus.workshop.superheroes.ui.WebUITests" time="0.771">
    <system-out><![CDATA[2025-02-10 07:50:06,922 INFO  [io.quarkus] (main) ui-super-heroes stopped in 0.023s
2025-02-10 07:50:08,369 INFO  [io.qua.qui.dep.fra.FrameworkType] (build-37) Quinoa detected 'REACT' frameworkType from package.json file.
2025-02-10 07:50:08,962 INFO  [com.git.eir.mav.plu.fro.lib.NodeInstaller] (build-38) Node v16.16.0 is already installed.
2025-02-10 07:50:08,992 INFO  [io.qua.qui.dep.QuinoaProcessor] (build-38) Fresh Quinoa build, let's install packages...
2025-02-10 07:50:08,994 INFO  [io.qua.qui.dep.pac.PackageManagerRunner] (build-38) Running Quinoa package manager install command: node.exe C:\dev\Projetos\quarkus-super-heroes-workshop\quarkus-super-heroes\super-heroes\ui-super-heroes\.quinoa\node\node_modules\npm\bin\npm-cli.js install
2025-02-10 07:50:13,567 INFO  [io.qua.qui.dep.pac.PackageManagerRunner] (build-38) 
2025-02-10 07:50:13,567 INFO  [io.qua.qui.dep.pac.PackageManagerRunner] (build-38) up to date, audited 1467 packages in 4s
2025-02-10 07:50:13,567 INFO  [io.qua.qui.dep.pac.PackageManagerRunner] (build-38) 
2025-02-10 07:50:13,567 INFO  [io.qua.qui.dep.pac.PackageManagerRunner] (build-38) 246 packages are looking for funding
2025-02-10 07:50:13,567 INFO  [io.qua.qui.dep.pac.PackageManagerRunner] (build-38)   run `npm fund` for details
2025-02-10 07:50:13,593 INFO  [io.qua.qui.dep.pac.PackageManagerRunner] (build-38) 
2025-02-10 07:50:13,594 INFO  [io.qua.qui.dep.pac.PackageManagerRunner] (build-38) 27 vulnerabilities (3 low, 8 moderate, 16 high)
2025-02-10 07:50:13,594 INFO  [io.qua.qui.dep.pac.PackageManagerRunner] (build-38) 
2025-02-10 07:50:13,594 INFO  [io.qua.qui.dep.pac.PackageManagerRunner] (build-38) To address issues that do not require attention, run:
2025-02-10 07:50:13,594 INFO  [io.qua.qui.dep.pac.PackageManagerRunner] (build-38)   npm audit fix
2025-02-10 07:50:13,594 INFO  [io.qua.qui.dep.pac.PackageManagerRunner] (build-38) 
2025-02-10 07:50:13,594 INFO  [io.qua.qui.dep.pac.PackageManagerRunner] (build-38) To address all issues (including breaking changes), run:
2025-02-10 07:50:13,594 INFO  [io.qua.qui.dep.pac.PackageManagerRunner] (build-38)   npm audit fix --force
2025-02-10 07:50:13,594 INFO  [io.qua.qui.dep.pac.PackageManagerRunner] (build-38) 
2025-02-10 07:50:13,594 INFO  [io.qua.qui.dep.pac.PackageManagerRunner] (build-38) Run `npm audit` for details.
2025-02-10 07:50:13,614 INFO  [io.qua.qui.dep.pac.PackageManagerRunner] (build-24) Running Quinoa package manager test command: node.exe C:\dev\Projetos\quarkus-super-heroes-workshop\quarkus-super-heroes\super-heroes\ui-super-heroes\.quinoa\node\node_modules\npm\bin\npm-cli.js run test
2025-02-10 07:50:14,054 INFO  [io.qua.qui.dep.pac.PackageManagerRunner] (build-24) 
2025-02-10 07:50:14,054 INFO  [io.qua.qui.dep.pac.PackageManagerRunner] (build-24) > superheroes-ui@0.1.0 test
2025-02-10 07:50:14,055 INFO  [io.qua.qui.dep.pac.PackageManagerRunner] (build-24) > react-scripts test
2025-02-10 07:50:14,055 INFO  [io.qua.qui.dep.pac.PackageManagerRunner] (build-24) 
2025-02-10 07:50:18,576 INFO  [io.qua.qui.dep.pac.PackageManagerRunner] (build-24) &amp#27;[0;33mOne of your dependencies, babel-preset-react-app, is importing the
2025-02-10 07:50:18,576 INFO  [io.qua.qui.dep.pac.PackageManagerRunner] (build-24) "@babel/plugin-proposal-private-property-in-object" package without
2025-02-10 07:50:18,576 INFO  [io.qua.qui.dep.pac.PackageManagerRunner] (build-24) declaring it in its dependencies. This is currently working because
2025-02-10 07:50:18,576 INFO  [io.qua.qui.dep.pac.PackageManagerRunner] (build-24) "@babel/plugin-proposal-private-property-in-object" is already in your
2025-02-10 07:50:18,576 INFO  [io.qua.qui.dep.pac.PackageManagerRunner] (build-24) node_modules folder for unrelated reasons, but it &amp#27;[1mmay break at any time&amp#27;[0;33m.
2025-02-10 07:50:18,576 INFO  [io.qua.qui.dep.pac.PackageManagerRunner] (build-24) 
2025-02-10 07:50:18,576 INFO  [io.qua.qui.dep.pac.PackageManagerRunner] (build-24) babel-preset-react-app is part of the create-react-app project, &amp#27;[1mwhich
2025-02-10 07:50:18,577 INFO  [io.qua.qui.dep.pac.PackageManagerRunner] (build-24) is not maintianed anymore&amp#27;[0;33m. It is thus unlikely that this bug will
2025-02-10 07:50:18,577 INFO  [io.qua.qui.dep.pac.PackageManagerRunner] (build-24) ever be fixed. Add "@babel/plugin-proposal-private-property-in-object" to
2025-02-10 07:50:18,577 INFO  [io.qua.qui.dep.pac.PackageManagerRunner] (build-24) your devDependencies to work around this error. This will make this message
2025-02-10 07:50:18,577 INFO  [io.qua.qui.dep.pac.PackageManagerRunner] (build-24) go away.&amp#27;[0m
2025-02-10 07:50:18,577 INFO  [io.qua.qui.dep.pac.PackageManagerRunner] (build-24)   
2025-02-10 07:50:21,507 INFO  [io.qua.qui.dep.pac.PackageManagerRunner] (build-24) PASS src/app/shared/api/fight-service.test.js
2025-02-10 07:50:21,527 INFO  [io.qua.qui.dep.pac.PackageManagerRunner] (build-24)   â—? Console
2025-02-10 07:50:21,527 INFO  [io.qua.qui.dep.pac.PackageManagerRunner] (build-24) 
2025-02-10 07:50:21,527 INFO  [io.qua.qui.dep.pac.PackageManagerRunner] (build-24)     console.error
2025-02-10 07:50:21,527 INFO  [io.qua.qui.dep.pac.PackageManagerRunner] (build-24)       Error: Deliberate error: No Java services available
2025-02-10 07:50:21,527 INFO  [io.qua.qui.dep.pac.PackageManagerRunner] (build-24)           at Object.<anonymous> (C:\dev\Projetos\quarkus-super-heroes-workshop\quarkus-super-heroes\super-heroes\ui-super-heroes\src\main\webui\src\app\shared\api\fight-service.test.js:106:37)
2025-02-10 07:50:21,528 INFO  [io.qua.qui.dep.pac.PackageManagerRunner] (build-24)           at Promise.then.completed (C:\dev\Projetos\quarkus-super-heroes-workshop\quarkus-super-heroes\super-heroes\ui-super-heroes\src\main\webui\node_modules\jest-circus\build\utils.js:391:28)
2025-02-10 07:50:21,528 INFO  [io.qua.qui.dep.pac.PackageManagerRunner] (build-24)           at new Promise (<anonymous>)
2025-02-10 07:50:21,528 INFO  [io.qua.qui.dep.pac.PackageManagerRunner] (build-24)           at callAsyncCircusFn (C:\dev\Projetos\quarkus-super-heroes-workshop\quarkus-super-heroes\super-heroes\ui-super-heroes\src\main\webui\node_modules\jest-circus\build\utils.js:316:10)
2025-02-10 07:50:21,528 INFO  [io.qua.qui.dep.pac.PackageManagerRunner] (build-24)           at _callCircusHook (C:\dev\Projetos\quarkus-super-heroes-workshop\quarkus-super-heroes\super-heroes\ui-super-heroes\src\main\webui\node_modules\jest-circus\build\run.js:181:40)
2025-02-10 07:50:21,528 INFO  [io.qua.qui.dep.pac.PackageManagerRunner] (build-24)           at processTicksAndRejections (node:internal/process/task_queues:96:5)
2025-02-10 07:50:21,528 INFO  [io.qua.qui.dep.pac.PackageManagerRunner] (build-24)           at _runTest (C:\dev\Projetos\quarkus-super-heroes-workshop\quarkus-super-heroes\super-heroes\ui-super-heroes\src\main\webui\node_modules\jest-circus\build\run.js:148:5)
2025-02-10 07:50:21,528 INFO  [io.qua.qui.dep.pac.PackageManagerRunner] (build-24)           at _runTestsForDescribeBlock (C:\dev\Projetos\quarkus-super-heroes-workshop\quarkus-super-heroes\super-heroes\ui-super-heroes\src\main\webui\node_modules\jest-circus\build\run.js:66:9)
2025-02-10 07:50:21,528 INFO  [io.qua.qui.dep.pac.PackageManagerRunner] (build-24)           at _runTestsForDescribeBlock (C:\dev\Projetos\quarkus-super-heroes-workshop\quarkus-super-heroes\super-heroes\ui-super-heroes\src\main\webui\node_modules\jest-circus\build\run.js:60:9)
2025-02-10 07:50:21,528 INFO  [io.qua.qui.dep.pac.PackageManagerRunner] (build-24)           at _runTestsForDescribeBlock (C:\dev\Projetos\quarkus-super-heroes-workshop\quarkus-super-heroes\super-heroes\ui-super-heroes\src\main\webui\node_modules\jest-circus\build\run.js:60:9)
2025-02-10 07:50:21,528 INFO  [io.qua.qui.dep.pac.PackageManagerRunner] (build-24)           at _runTestsForDescribeBlock (C:\dev\Projetos\quarkus-super-heroes-workshop\quarkus-super-heroes\super-heroes\ui-super-heroes\src\main\webui\node_modules\jest-circus\build\run.js:60:9)
2025-02-10 07:50:21,528 INFO  [io.qua.qui.dep.pac.PackageManagerRunner] (build-24)           at run (C:\dev\Projetos\quarkus-super-heroes-workshop\quarkus-super-heroes\super-heroes\ui-super-heroes\src\main\webui\node_modules\jest-circus\build\run.js:25:3)
2025-02-10 07:50:21,529 INFO  [io.qua.qui.dep.pac.PackageManagerRunner] (build-24)           at runAndTransformResultsToJestFormat (C:\dev\Projetos\quarkus-super-heroes-workshop\quarkus-super-heroes\super-heroes\ui-super-heroes\src\main\webui\node_modules\jest-circus\build\legacy-code-todo-rewrite\jestAdapterInit.js:170:21)
2025-02-10 07:50:21,529 INFO  [io.qua.qui.dep.pac.PackageManagerRunner] (build-24)           at jestAdapter (C:\dev\Projetos\quarkus-super-heroes-workshop\quarkus-super-heroes\super-heroes\ui-super-heroes\src\main\webui\node_modules\jest-circus\build\legacy-code-todo-rewrite\jestAdapter.js:68:19)
2025-02-10 07:50:21,529 INFO  [io.qua.qui.dep.pac.PackageManagerRunner] (build-24)           at runTestInternal (C:\dev\Projetos\quarkus-super-heroes-workshop\quarkus-super-heroes\super-heroes\ui-super-heroes\src\main\webui\node_modules\jest-runner\build\runTest.js:389:16)
2025-02-10 07:50:21,529 INFO  [io.qua.qui.dep.pac.PackageManagerRunner] (build-24)           at runTest (C:\dev\Projetos\quarkus-super-heroes-workshop\quarkus-super-heroes\super-heroes\ui-super-heroes\src\main\webui\node_modules\jest-runner\build\runTest.js:475:34)
2025-02-10 07:50:21,529 INFO  [io.qua.qui.dep.pac.PackageManagerRunner] (build-24)           at Object.worker (C:\dev\Projetos\quarkus-super-heroes-workshop\quarkus-super-heroes\super-heroes\ui-super-heroes\src\main\webui\node_modules\jest-runner\build\testWorker.js:133:12)
2025-02-10 07:50:21,529 INFO  [io.qua.qui.dep.pac.PackageManagerRunner] (build-24) 
2025-02-10 07:50:21,529 INFO  [io.qua.qui.dep.pac.PackageManagerRunner] (build-24)       73 |     return response.data
2025-02-10 07:50:21,529 INFO  [io.qua.qui.dep.pac.PackageManagerRunner] (build-24)       74 |   } catch (error) {
2025-02-10 07:50:21,529 INFO  [io.qua.qui.dep.pac.PackageManagerRunner] (build-24)     > 75 |     console.error(error)
2025-02-10 07:50:21,529 INFO  [io.qua.qui.dep.pac.PackageManagerRunner] (build-24)          |             ^
2025-02-10 07:50:21,529 INFO  [io.qua.qui.dep.pac.PackageManagerRunner] (build-24)       76 |   }
2025-02-10 07:50:21,529 INFO  [io.qua.qui.dep.pac.PackageManagerRunner] (build-24)       77 | }
2025-02-10 07:50:21,529 INFO  [io.qua.qui.dep.pac.PackageManagerRunner] (build-24)       78 |
2025-02-10 07:50:21,529 INFO  [io.qua.qui.dep.pac.PackageManagerRunner] (build-24) 
2025-02-10 07:50:21,530 INFO  [io.qua.qui.dep.pac.PackageManagerRunner] (build-24)       at getRandomFighters (src/app/shared/api/fight-service.js:75:13)
2025-02-10 07:50:21,530 INFO  [io.qua.qui.dep.pac.PackageManagerRunner] (build-24)       at Object.<anonymous> (src/app/shared/api/fight-service.test.js:114:24)
2025-02-10 07:50:21,530 INFO  [io.qua.qui.dep.pac.PackageManagerRunner] (build-24) 
2025-02-10 07:50:21,530 INFO  [io.qua.qui.dep.pac.PackageManagerRunner] (build-24) &amp#27;[0;33mOne of your dependencies, babel-preset-react-app, is importing the
2025-02-10 07:50:21,530 INFO  [io.qua.qui.dep.pac.PackageManagerRunner] (build-24) "@babel/plugin-proposal-private-property-in-object" package without
2025-02-10 07:50:21,530 INFO  [io.qua.qui.dep.pac.PackageManagerRunner] (build-24) declaring it in its dependencies. This is currently working because
2025-02-10 07:50:21,530 INFO  [io.qua.qui.dep.pac.PackageManagerRunner] (build-24) "@babel/plugin-proposal-private-property-in-object" is already in your
2025-02-10 07:50:21,530 INFO  [io.qua.qui.dep.pac.PackageManagerRunner] (build-24) node_modules folder for unrelated reasons, but it &amp#27;[1mmay break at any time&amp#27;[0;33m.
2025-02-10 07:50:21,530 INFO  [io.qua.qui.dep.pac.PackageManagerRunner] (build-24) 
2025-02-10 07:50:21,530 INFO  [io.qua.qui.dep.pac.PackageManagerRunner] (build-24) babel-preset-react-app is part of the create-react-app project, &amp#27;[1mwhich
2025-02-10 07:50:21,530 INFO  [io.qua.qui.dep.pac.PackageManagerRunner] (build-24) is not maintianed anymore&amp#27;[0;33m. It is thus unlikely that this bug will
2025-02-10 07:50:21,530 INFO  [io.qua.qui.dep.pac.PackageManagerRunner] (build-24) ever be fixed. Add "@babel/plugin-proposal-private-property-in-object" to
2025-02-10 07:50:21,530 INFO  [io.qua.qui.dep.pac.PackageManagerRunner] (build-24) your devDependencies to work around this error. This will make this message
2025-02-10 07:50:21,531 INFO  [io.qua.qui.dep.pac.PackageManagerRunner] (build-24) go away.&amp#27;[0m
2025-02-10 07:50:21,531 INFO  [io.qua.qui.dep.pac.PackageManagerRunner] (build-24)   
2025-02-10 07:50:26,830 INFO  [io.qua.qui.dep.pac.PackageManagerRunner] (build-24) &amp#27;[0;33mOne of your dependencies, babel-preset-react-app, is importing the
2025-02-10 07:50:26,830 INFO  [io.qua.qui.dep.pac.PackageManagerRunner] (build-24) "@babel/plugin-proposal-private-property-in-object" package without
2025-02-10 07:50:26,830 INFO  [io.qua.qui.dep.pac.PackageManagerRunner] (build-24) declaring it in its dependencies. This is currently working because
2025-02-10 07:50:26,830 INFO  [io.qua.qui.dep.pac.PackageManagerRunner] (build-24) "@babel/plugin-proposal-private-property-in-object" is already in your
2025-02-10 07:50:26,831 INFO  [io.qua.qui.dep.pac.PackageManagerRunner] (build-24) node_modules folder for unrelated reasons, but it &amp#27;[1mmay break at any time&amp#27;[0;33m.
2025-02-10 07:50:26,831 INFO  [io.qua.qui.dep.pac.PackageManagerRunner] (build-24) 
2025-02-10 07:50:26,831 INFO  [io.qua.qui.dep.pac.PackageManagerRunner] (build-24) babel-preset-react-app is part of the create-react-app project, &amp#27;[1mwhich
2025-02-10 07:50:26,831 INFO  [io.qua.qui.dep.pac.PackageManagerRunner] (build-24) is not maintianed anymore&amp#27;[0;33m. It is thus unlikely that this bug will
2025-02-10 07:50:26,831 INFO  [io.qua.qui.dep.pac.PackageManagerRunner] (build-24) ever be fixed. Add "@babel/plugin-proposal-private-property-in-object" to
2025-02-10 07:50:26,831 INFO  [io.qua.qui.dep.pac.PackageManagerRunner] (build-24) your devDependencies to work around this error. This will make this message
2025-02-10 07:50:26,831 INFO  [io.qua.qui.dep.pac.PackageManagerRunner] (build-24) go away.&amp#27;[0m
2025-02-10 07:50:26,831 INFO  [io.qua.qui.dep.pac.PackageManagerRunner] (build-24)   
2025-02-10 07:50:26,966 INFO  [io.qua.qui.dep.pac.PackageManagerRunner] (build-24) PASS src/app/fight-list/FightList.test.js (7.719 s)
2025-02-10 07:50:27,044 INFO  [io.qua.qui.dep.pac.PackageManagerRunner] (build-24) &amp#27;[0;33mOne of your dependencies, babel-preset-react-app, is importing the
2025-02-10 07:50:27,044 INFO  [io.qua.qui.dep.pac.PackageManagerRunner] (build-24) "@babel/plugin-proposal-private-property-in-object" package without
2025-02-10 07:50:27,044 INFO  [io.qua.qui.dep.pac.PackageManagerRunner] (build-24) declaring it in its dependencies. This is currently working because
2025-02-10 07:50:27,044 INFO  [io.qua.qui.dep.pac.PackageManagerRunner] (build-24) "@babel/plugin-proposal-private-property-in-object" is already in your
2025-02-10 07:50:27,044 INFO  [io.qua.qui.dep.pac.PackageManagerRunner] (build-24) node_modules folder for unrelated reasons, but it &amp#27;[1mmay break at any time&amp#27;[0;33m.
2025-02-10 07:50:27,045 INFO  [io.qua.qui.dep.pac.PackageManagerRunner] (build-24) 
2025-02-10 07:50:27,045 INFO  [io.qua.qui.dep.pac.PackageManagerRunner] (build-24) babel-preset-react-app is part of the create-react-app project, &amp#27;[1mwhich
2025-02-10 07:50:27,045 INFO  [io.qua.qui.dep.pac.PackageManagerRunner] (build-24) is not maintianed anymore&amp#27;[0;33m. It is thus unlikely that this bug will
2025-02-10 07:50:27,045 INFO  [io.qua.qui.dep.pac.PackageManagerRunner] (build-24) ever be fixed. Add "@babel/plugin-proposal-private-property-in-object" to
2025-02-10 07:50:27,045 INFO  [io.qua.qui.dep.pac.PackageManagerRunner] (build-24) your devDependencies to work around this error. This will make this message
2025-02-10 07:50:27,045 INFO  [io.qua.qui.dep.pac.PackageManagerRunner] (build-24) go away.&amp#27;[0m
2025-02-10 07:50:27,045 INFO  [io.qua.qui.dep.pac.PackageManagerRunner] (build-24)   
2025-02-10 07:50:27,160 INFO  [io.qua.qui.dep.pac.PackageManagerRunner] (build-24) PASS src/app/fight/Fight.test.js (7.915 s)
2025-02-10 07:50:27,178 INFO  [io.qua.qui.dep.pac.PackageManagerRunner] (build-24) &amp#27;[0;33mOne of your dependencies, babel-preset-react-app, is importing the
2025-02-10 07:50:27,178 INFO  [io.qua.qui.dep.pac.PackageManagerRunner] (build-24) "@babel/plugin-proposal-private-property-in-object" package without
2025-02-10 07:50:27,178 INFO  [io.qua.qui.dep.pac.PackageManagerRunner] (build-24) declaring it in its dependencies. This is currently working because
2025-02-10 07:50:27,178 INFO  [io.qua.qui.dep.pac.PackageManagerRunner] (build-24) "@babel/plugin-proposal-private-property-in-object" is already in your
2025-02-10 07:50:27,178 INFO  [io.qua.qui.dep.pac.PackageManagerRunner] (build-24) node_modules folder for unrelated reasons, but it &amp#27;[1mmay break at any time&amp#27;[0;33m.
2025-02-10 07:50:27,178 INFO  [io.qua.qui.dep.pac.PackageManagerRunner] (build-24) 
2025-02-10 07:50:27,179 INFO  [io.qua.qui.dep.pac.PackageManagerRunner] (build-24) babel-preset-react-app is part of the create-react-app project, &amp#27;[1mwhich
2025-02-10 07:50:27,179 INFO  [io.qua.qui.dep.pac.PackageManagerRunner] (build-24) is not maintianed anymore&amp#27;[0;33m. It is thus unlikely that this bug will
2025-02-10 07:50:27,179 INFO  [io.qua.qui.dep.pac.PackageManagerRunner] (build-24) ever be fixed. Add "@babel/plugin-proposal-private-property-in-object" to
2025-02-10 07:50:27,179 INFO  [io.qua.qui.dep.pac.PackageManagerRunner] (build-24) your devDependencies to work around this error. This will make this message
2025-02-10 07:50:27,179 INFO  [io.qua.qui.dep.pac.PackageManagerRunner] (build-24) go away.&amp#27;[0m
2025-02-10 07:50:27,179 INFO  [io.qua.qui.dep.pac.PackageManagerRunner] (build-24)   
2025-02-10 07:50:27,294 INFO  [io.qua.qui.dep.pac.PackageManagerRunner] (build-24) PASS src/app/App.test.js (8.05 s)
2025-02-10 07:50:27,339 INFO  [io.qua.qui.dep.pac.PackageManagerRunner] (build-24) 
2025-02-10 07:50:27,339 INFO  [io.qua.qui.dep.pac.PackageManagerRunner] (build-24) Test Suites: 4 passed, 4 total
2025-02-10 07:50:27,340 INFO  [io.qua.qui.dep.pac.PackageManagerRunner] (build-24) Tests:       23 passed, 23 total
2025-02-10 07:50:27,340 INFO  [io.qua.qui.dep.pac.PackageManagerRunner] (build-24) Snapshots:   0 total
2025-02-10 07:50:27,340 INFO  [io.qua.qui.dep.pac.PackageManagerRunner] (build-24) Time:        11.75 s
2025-02-10 07:50:27,340 INFO  [io.qua.qui.dep.pac.PackageManagerRunner] (build-24) Ran all test suites.
2025-02-10 07:50:27,422 INFO  [io.qua.qui.dep.pac.PackageManagerRunner] (build-24) Running Quinoa package manager build command: node.exe C:\dev\Projetos\quarkus-super-heroes-workshop\quarkus-super-heroes\super-heroes\ui-super-heroes\.quinoa\node\node_modules\npm\bin\npm-cli.js run build
2025-02-10 07:50:27,841 INFO  [io.qua.qui.dep.pac.PackageManagerRunner] (build-24) 
2025-02-10 07:50:27,841 INFO  [io.qua.qui.dep.pac.PackageManagerRunner] (build-24) > superheroes-ui@0.1.0 build
2025-02-10 07:50:27,841 INFO  [io.qua.qui.dep.pac.PackageManagerRunner] (build-24) > react-scripts build
2025-02-10 07:50:27,841 INFO  [io.qua.qui.dep.pac.PackageManagerRunner] (build-24) 
2025-02-10 07:50:30,030 INFO  [io.qua.qui.dep.pac.PackageManagerRunner] (build-24) Creating an optimized production build...
2025-02-10 07:50:30,288 INFO  [io.qua.qui.dep.pac.PackageManagerRunner] (build-24) Browserslist: caniuse-lite is outdated. Please run:
2025-02-10 07:50:30,288 INFO  [io.qua.qui.dep.pac.PackageManagerRunner] (build-24)   npx update-browserslist-db@latest
2025-02-10 07:50:30,288 INFO  [io.qua.qui.dep.pac.PackageManagerRunner] (build-24)   Why you should do it regularly: https://github.com/browserslist/update-db#readme
2025-02-10 07:50:33,795 INFO  [io.qua.qui.dep.pac.PackageManagerRunner] (build-24) &amp#27;[0;33mOne of your dependencies, babel-preset-react-app, is importing the
2025-02-10 07:50:33,795 INFO  [io.qua.qui.dep.pac.PackageManagerRunner] (build-24) "@babel/plugin-proposal-private-property-in-object" package without
2025-02-10 07:50:33,796 INFO  [io.qua.qui.dep.pac.PackageManagerRunner] (build-24) declaring it in its dependencies. This is currently working because
2025-02-10 07:50:33,796 INFO  [io.qua.qui.dep.pac.PackageManagerRunner] (build-24) "@babel/plugin-proposal-private-property-in-object" is already in your
2025-02-10 07:50:33,796 INFO  [io.qua.qui.dep.pac.PackageManagerRunner] (build-24) node_modules folder for unrelated reasons, but it &amp#27;[1mmay break at any time&amp#27;[0;33m.
2025-02-10 07:50:33,796 INFO  [io.qua.qui.dep.pac.PackageManagerRunner] (build-24) 
2025-02-10 07:50:33,796 INFO  [io.qua.qui.dep.pac.PackageManagerRunner] (build-24) babel-preset-react-app is part of the create-react-app project, &amp#27;[1mwhich
2025-02-10 07:50:33,796 INFO  [io.qua.qui.dep.pac.PackageManagerRunner] (build-24) is not maintianed anymore&amp#27;[0;33m. It is thus unlikely that this bug will
2025-02-10 07:50:33,796 INFO  [io.qua.qui.dep.pac.PackageManagerRunner] (build-24) ever be fixed. Add "@babel/plugin-proposal-private-property-in-object" to
2025-02-10 07:50:33,796 INFO  [io.qua.qui.dep.pac.PackageManagerRunner] (build-24) your devDependencies to work around this error. This will make this message
2025-02-10 07:50:33,796 INFO  [io.qua.qui.dep.pac.PackageManagerRunner] (build-24) go away.&amp#27;[0m
2025-02-10 07:50:33,796 INFO  [io.qua.qui.dep.pac.PackageManagerRunner] (build-24)   
2025-02-10 07:50:38,527 INFO  [io.qua.qui.dep.pac.PackageManagerRunner] (build-24) Browserslist: caniuse-lite is outdated. Please run:
2025-02-10 07:50:38,527 INFO  [io.qua.qui.dep.pac.PackageManagerRunner] (build-24)   npx update-browserslist-db@latest
2025-02-10 07:50:38,527 INFO  [io.qua.qui.dep.pac.PackageManagerRunner] (build-24)   Why you should do it regularly: https://github.com/browserslist/update-db#readme
2025-02-10 07:50:39,456 INFO  [io.qua.qui.dep.pac.PackageManagerRunner] (build-24) Compiled successfully.
2025-02-10 07:50:39,456 INFO  [io.qua.qui.dep.pac.PackageManagerRunner] (build-24) 
2025-02-10 07:50:39,456 INFO  [io.qua.qui.dep.pac.PackageManagerRunner] (build-24) File sizes after gzip:
2025-02-10 07:50:39,456 INFO  [io.qua.qui.dep.pac.PackageManagerRunner] (build-24) 
2025-02-10 07:50:39,468 INFO  [io.qua.qui.dep.pac.PackageManagerRunner] (build-24)   79.88 kB  build\static\js\main.b6470886.js
2025-02-10 07:50:39,468 INFO  [io.qua.qui.dep.pac.PackageManagerRunner] (build-24)   775 B     build\static\css\main.0b0ffea0.css
2025-02-10 07:50:39,468 INFO  [io.qua.qui.dep.pac.PackageManagerRunner] (build-24) 
2025-02-10 07:50:39,468 INFO  [io.qua.qui.dep.pac.PackageManagerRunner] (build-24) The project was built assuming it is hosted at /.
2025-02-10 07:50:39,468 INFO  [io.qua.qui.dep.pac.PackageManagerRunner] (build-24) You can control this with the homepage field in your package.json.
2025-02-10 07:50:39,468 INFO  [io.qua.qui.dep.pac.PackageManagerRunner] (build-24) 
2025-02-10 07:50:39,468 INFO  [io.qua.qui.dep.pac.PackageManagerRunner] (build-24) The build folder is ready to be deployed.
2025-02-10 07:50:39,469 INFO  [io.qua.qui.dep.pac.PackageManagerRunner] (build-24) You may serve it with a static server:
2025-02-10 07:50:39,469 INFO  [io.qua.qui.dep.pac.PackageManagerRunner] (build-24) 
2025-02-10 07:50:39,469 INFO  [io.qua.qui.dep.pac.PackageManagerRunner] (build-24)   npm install -g serve
2025-02-10 07:50:39,469 INFO  [io.qua.qui.dep.pac.PackageManagerRunner] (build-24)   serve -s build
2025-02-10 07:50:39,469 INFO  [io.qua.qui.dep.pac.PackageManagerRunner] (build-24) 
2025-02-10 07:50:39,469 INFO  [io.qua.qui.dep.pac.PackageManagerRunner] (build-24) Find out more about deployment here:
2025-02-10 07:50:39,469 INFO  [io.qua.qui.dep.pac.PackageManagerRunner] (build-24) 
2025-02-10 07:50:39,469 INFO  [io.qua.qui.dep.pac.PackageManagerRunner] (build-24)   https://cra.link/deployment
2025-02-10 07:50:39,469 INFO  [io.qua.qui.dep.pac.PackageManagerRunner] (build-24) 
2025-02-10 07:50:39,522 INFO  [io.qua.qui.dep.QuinoaProcessor] (build-38) Quinoa target directory: 'C:\dev\Projetos\quarkus-super-heroes-workshop\quarkus-super-heroes\super-heroes\ui-super-heroes\target\quinoa\build' containing 8 resources
2025-02-10 07:50:40,192 INFO  [io.quarkus] (main) ui-super-heroes 1.0.0-SNAPSHOT on JVM (powered by Quarkus 3.15.0) started in 32.617s. Listening on: http://localhost:8081
2025-02-10 07:50:40,193 INFO  [io.quarkus] (main) Profile test activated. 
2025-02-10 07:50:40,193 INFO  [io.quarkus] (main) Installed features: [cdi, quinoa, rest, rest-jackson, smallrye-context-propagation, vertx]
]]></system-out>
  </testcase>
</testsuite>