<?xml version="1.0" encoding="UTF-8"?>
<testsuite xmlns:xsi="http://www.w3.org/2001/XMLSchema-instance" xsi:noNamespaceSchemaLocation="https://maven.apache.org/surefire/maven-surefire-plugin/xsd/surefire-test-report-3.0.xsd" version="3.0" name="io.quarkus.workshop.superheroes.ui.EnvResourceTests" time="7.881" tests="1" errors="0" skipped="0" failures="0">
  <properties>
[...]
</properties>
  <testcase name="javascriptEndpoint" classname="io.quarkus.workshop.superheroes.ui.EnvResourceTests" time="1.272">
    <system-out><![CDATA[2025-02-10 07:50:03,540 WARN  [io.qua.qui.dep.QuinoaProcessor] (build-39) Quinoa is disabled by default in tests.
2025-02-10 07:50:05,594 INFO  [io.quarkus] (main) ui-super-heroes 1.0.0-SNAPSHOT on JVM (powered by Quarkus 3.15.0) started in 3.382s. Listening on: http://localhost:8081
2025-02-10 07:50:05,595 INFO  [io.quarkus] (main) Profile test activated. 
2025-02-10 07:50:05,595 INFO  [io.quarkus] (main) Installed features: [cdi, quinoa, rest, rest-jackson, smallrye-context-propagation, vertx]
]]></system-out>
  </testcase>
</testsuite>